<?xml version="1.0" encoding="UTF-8"?>
<testsuite name="digits.shared.inbound.http.errors.ApiErrorConverterTest" tests="4" skipped="0" failures="0" errors="0" timestamp="2024-10-23T13:05:00" hostname="MWKS-HF1W4L4R3K" time="0.026">
  <properties/>
  <testcase name="should convert InvalidArgument" classname="digits.shared.inbound.http.errors.ApiErrorConverterTest" time="0.023"/>
  <testcase name="should convert InvalidState" classname="digits.shared.inbound.http.errors.ApiErrorConverterTest" time="0.0"/>
  <testcase name="should convert AccessDenied" classname="digits.shared.inbound.http.errors.ApiErrorConverterTest" time="0.0"/>
  <testcase name="should convert NotFound" classname="digits.shared.inbound.http.errors.ApiErrorConverterTest" time="0.0"/>
  <system-out><![CDATA[]]></system-out>
  <system-err><![CDATA[]]></system-err>
</testsuite>
